<?xml version="1.0" encoding="UTF-8"?>
<testsuite xmlns:xsi="http://www.w3.org/2001/XMLSchema-instance" xsi:noNamespaceSchemaLocation="https://maven.apache.org/surefire/maven-surefire-plugin/xsd/surefire-test-report.xsd" version="3.0.2" name="com.diegochavez.courses.CoursesMvcJdbcApplicationTests" time="0.976" tests="1" errors="0" skipped="0" failures="0">
  <properties>
[...]
</properties>
  <testcase name="contextLoads" classname="com.diegochavez.courses.CoursesMvcJdbcApplicationTests" time="0.306">
    <system-out><![CDATA[21:36:59.158 [main] INFO org.springframework.test.context.support.AnnotationConfigContextLoaderUtils -- Could not detect default configuration classes for test class [com.diegochavez.courses.CoursesMvcJdbcApplicationTests]: CoursesMvcJdbcApplicationTests does not declare any static, non-private, non-final, nested classes annotated with @Configuration.
21:36:59.192 [main] INFO org.springframework.boot.test.context.SpringBootTestContextBootstrapper -- Found @SpringBootConfiguration com.diegochavez.courses.CoursesMvcJdbcApplication for test class com.diegochavez.courses.CoursesMvcJdbcApplicationTests

  .   ____          _            __ _ _
 /\\ / ___'_ __ _ _(_)_ __  __ _ \ \ \ \
( ( )\___ | '_ | '_| | '_ \/ _` | \ \ \ \
 \\/  ___)| |_)| | | | | || (_| |  ) ) ) )
  '  |____| .__|_| |_|_| |_\__, | / / / /
 =========|_|==============|___/=/_/_/_/

 :: Spring Boot ::               (v3.5.11)

2026-02-24T21:36:59.342-03:00  INFO 18597 --- [           main] c.d.c.CoursesMvcJdbcApplicationTests     : Starting CoursesMvcJdbcApplicationTests using Java 21.0.10 with PID 18597 (started by diegochavez in /Users/diegochavez/Documents/code/courses-mvc-jdbc)
2026-02-24T21:36:59.342-03:00  INFO 18597 --- [           main] c.d.c.CoursesMvcJdbcApplicationTests     : No active profile set, falling back to 1 default profile: "default"
2026-02-24T21:36:59.769-03:00  INFO 18597 --- [           main] c.d.c.CoursesMvcJdbcApplicationTests     : Started CoursesMvcJdbcApplicationTests in 0.532 seconds (process running for 0.841)
]]></system-out>
    <system-err><![CDATA[Mockito is currently self-attaching to enable the inline-mock-maker. This will no longer work in future releases of the JDK. Please add Mockito as an agent to your build as described in Mockito's documentation: https://javadoc.io/doc/org.mockito/mockito-core/latest/org.mockito/org/mockito/Mockito.html#0.3
WARNING: A Java agent has been loaded dynamically (/Users/diegochavez/.m2/repository/net/bytebuddy/byte-buddy-agent/1.17.8/byte-buddy-agent-1.17.8.jar)
WARNING: If a serviceability tool is in use, please run with -XX:+EnableDynamicAgentLoading to hide this warning
WARNING: If a serviceability tool is not in use, please run with -Djdk.instrument.traceUsage for more information
WARNING: Dynamic loading of agents will be disallowed by default in a future release
]]></system-err>
  </testcase>
</testsuite>